This is XeTeX, Version 3.141592653-2.6-0.999993 (TeX Live 2021/Arch Linux) (preloaded format=xelatex 2022.5.11)  11 MAY 2022 20:39
entering extended mode
 restricted \write18 enabled.
 %&-line parsing enabled.
**"RoC Ascension.tex"
(./RoC Ascension.tex
LaTeX2e <2021-11-15> patch level 1
L3 programming layer <2022-02-24> (./roc-class.cls
Document Class: roc-class 2019/11/07 v1.0 Мой класс документа. Шихов Д.Ю.
(./roc-style-base.sty
Package: roc-style-base 2019/11/07 v1.0 Базовый вид и пакеты для моих документо
в.
 (/usr/share/texmf-dist/tex/latex/extsizes/size14.clo
File: size14.clo 1999/11/11 v1.4a NON-Standard LaTeX file (size option)
)
\c@totalpage=\count181
\c@totaltable=\count182
\c@totalfigure=\count183
\c@totalbib=\count184
\GostAfterTitleSkip=\skip47
\GostBetweenTitleSkip=\skip48
\GostBeforTitleSkip=\skip49
\GostBeforNoTitleSkip=\skip50
\GostHTitleSpace=\skip51
\GostTitleIndent=\skip52
\Gost@ChapterIndent=\skip53
\Gost@MainChapterIndent=\skip54
\Gost@TitleDropSkip=\skip55
\c@chapter=\count185
\c@section=\count186
\c@subsection=\count187
\c@subsubsection=\count188
\NirTitleDropSkip=\skip56

(/usr/share/texmf-dist/tex/generic/iftex/iftex.sty
Package: iftex 2022/02/03 v1.0f TeX engine tests
)
(/usr/share/texmf-dist/tex/xelatex/xltxtra/xltxtra.sty
Package: xltxtra 2018/12/31 v0.7 Improvements for the "XeLaTeX" format

(/usr/share/texmf-dist/tex/generic/iftex/ifluatex.sty
Package: ifluatex 2019/10/25 v1.5 ifluatex legacy package. Use iftex instead.
)
(/usr/share/texmf-dist/tex/generic/iftex/ifxetex.sty
Package: ifxetex 2019/10/25 v0.7 ifxetex legacy package. Use iftex instead.
)
(/usr/share/texmf-dist/tex/latex/fontspec/fontspec.sty
(/usr/share/texmf-dist/tex/latex/l3packages/xparse/xparse.sty
(/usr/share/texmf-dist/tex/latex/l3kernel/expl3.sty
Package: expl3 2022-02-24 L3 programming layer (loader) 

(/usr/share/texmf-dist/tex/latex/l3backend/l3backend-xetex.def
File: l3backend-xetex.def 2022-02-07 L3 backend support: XeTeX

(|extractbb --version)
\c__kernel_sys_dvipdfmx_version_int=\count189
\l__color_backend_stack_int=\count190
\g__color_backend_stack_int=\count191
\g__graphics_track_int=\count192
\l__pdf_internal_box=\box50
\g__pdf_backend_object_int=\count193
\g__pdf_backend_annotation_int=\count194
\g__pdf_backend_link_int=\count195
))
Package: xparse 2022-01-12 L3 Experimental document command parser
)
Package: fontspec 2022/01/15 v2.8a Font selection for XeLaTeX and LuaLaTeX

(/usr/share/texmf-dist/tex/latex/fontspec/fontspec-xetex.sty
Package: fontspec-xetex 2022/01/15 v2.8a Font selection for XeLaTeX and LuaLaTe
X
\l__fontspec_script_int=\count196
\l__fontspec_language_int=\count197
\l__fontspec_strnum_int=\count198
\l__fontspec_tmp_int=\count199
\l__fontspec_tmpa_int=\count266
\l__fontspec_tmpb_int=\count267
\l__fontspec_tmpc_int=\count268
\l__fontspec_em_int=\count269
\l__fontspec_emdef_int=\count270
\l__fontspec_strong_int=\count271
\l__fontspec_strongdef_int=\count272
\l__fontspec_tmpa_dim=\dimen138
\l__fontspec_tmpb_dim=\dimen139
\l__fontspec_tmpc_dim=\dimen140

(/usr/share/texmf-dist/tex/latex/base/fontenc.sty
Package: fontenc 2021/04/29 v2.0v Standard LaTeX package
)
(/usr/share/texmf-dist/tex/latex/fontspec/fontspec.cfg)))
(/usr/share/texmf-dist/tex/latex/realscripts/realscripts.sty
Package: realscripts 2016/02/13 v0.3d Access OpenType subscripts and superscrip
ts
\subsupersep=\dimen141
)
(/usr/share/texmf-dist/tex/latex/metalogo/metalogo.sty
Package: metalogo 2010/05/29 v0.12 Extended TeX logo macros

(/usr/share/texmf-dist/tex/latex/graphics/graphicx.sty
Package: graphicx 2021/09/16 v1.2d Enhanced LaTeX Graphics (DPC,SPQR)

(/usr/share/texmf-dist/tex/latex/graphics/keyval.sty
Package: keyval 2014/10/28 v1.15 key=value parser (DPC)
\KV@toks@=\toks16
)
(/usr/share/texmf-dist/tex/latex/graphics/graphics.sty
Package: graphics 2021/03/04 v1.4d Standard LaTeX Graphics (DPC,SPQR)

(/usr/share/texmf-dist/tex/latex/graphics/trig.sty
Package: trig 2021/08/11 v1.11 sin cos tan (DPC)
)
(/usr/share/texmf-dist/tex/latex/graphics-cfg/graphics.cfg
File: graphics.cfg 2016/06/04 v1.11 sample graphics configuration
)
Package graphics Info: Driver file: xetex.def on input line 107.

(/usr/share/texmf-dist/tex/latex/graphics-def/xetex.def
File: xetex.def 2021/03/18 v5.0k Graphics/color driver for xetex
))
\Gin@req@height=\dimen142
\Gin@req@width=\dimen143
)
\xl@everylogo=\toks17
\xl@@everylogo=\toks18
LaTeX Info: Redefining \TeX on input line 193.
LaTeX Info: Redefining \LaTeX on input line 202.
LaTeX Info: Redefining \LaTeXe on input line 219.
)
\l__xetex_show_hyphens_wrapping_box=\box51
\l__xetex_show_hyphens_temp_box=\box52
\l__xetex_show_hyphens_final_box=\box53
\g__xetex_show_hyphens_word_box=\box54
)
(/usr/share/texmf-dist/tex/generic/babel/babel.sty
Package: babel 2022/02/26 3.73 The Babel package
\babel@savecnt=\count273
\U@D=\dimen144
\l@unhyphenated=\language87

(/usr/share/texmf-dist/tex/generic/babel/xebabel.def
(/usr/share/texmf-dist/tex/generic/babel/txtbabel.def))
\bbl@readstream=\read2
\bbl@dirlevel=\count274
Package babel Info: Main language set with 'main='. Except if you have
(babel)             problems, prefer the default mechanism for setting
(babel)             the main language. Reported on input line 4219.

(/usr/share/texmf-dist/tex/generic/babel-english/english.ldf
Language: english 2017/06/06 v3.3r English support from the babel system
Package babel Info: Hyphen rules for 'canadian' set to \l@english
(babel)             (\language0). Reported on input line 102.
Package babel Info: Hyphen rules for 'australian' set to \l@ukenglish
(babel)             (\language21). Reported on input line 105.
Package babel Info: Hyphen rules for 'newzealand' set to \l@ukenglish
(babel)             (\language21). Reported on input line 108.
)
(/usr/share/texmf-dist/tex/generic/babel-russian/russianb.ldf
File: russianb.ldf 2021/01/10 1.3m Russian support for the Babel system
Language: russian 2020/09/09 1.3k Russian support for the Babel system
Package babel Info: Making " an active character on input line 124.
Package babel Info: Default for \cyrdash is provided on input line 163.
))

Package fontspec Info: Font family 'TimesNewRoman(0)' created for font 'Times
(fontspec)             New Roman' with options [Ligatures=TeX].
(fontspec)              
(fontspec)              This font family consists of the following NFSS
(fontspec)             series/shapes:
(fontspec)              
(fontspec)             - 'normal' (m/n) with NFSS spec.: <->"Times New
(fontspec)             Roman/OT:script=latn;language=dflt;mapping=tex-text;"
(fontspec)             - 'small caps'  (m/sc) with NFSS spec.: <->"Times New
(fontspec)             Roman/OT:script=latn;language=dflt;+smcp;mapping=tex-tex
t;"
(fontspec)             - 'bold' (b/n) with NFSS spec.: <->"Times New
(fontspec)             Roman/B/OT:script=latn;language=dflt;mapping=tex-text;"
(fontspec)             - 'bold small caps'  (b/sc) with NFSS spec.: <->"Times
(fontspec)             New
(fontspec)             Roman/B/OT:script=latn;language=dflt;+smcp;mapping=tex-t
ext;"
(fontspec)             - 'italic' (m/it) with NFSS spec.: <->"Times New
(fontspec)             Roman/I/OT:script=latn;language=dflt;mapping=tex-text;"
(fontspec)             - 'italic small caps'  (m/scit) with NFSS spec.:
(fontspec)             <->"Times New
(fontspec)             Roman/I/OT:script=latn;language=dflt;+smcp;mapping=tex-t
ext;"
(fontspec)             - 'bold italic' (b/it) with NFSS spec.: <->"Times New
(fontspec)             Roman/BI/OT:script=latn;language=dflt;mapping=tex-text;"

(fontspec)             - 'bold italic small caps'  (b/scit) with NFSS spec.:
(fontspec)             <->"Times New
(fontspec)             Roman/BI/OT:script=latn;language=dflt;+smcp;mapping=tex-
text;"


Package fontspec Info: Font family 'DejaVuSans(0)' created for font 'DejaVu
(fontspec)             Sans' with options [Ligatures=TeX].
(fontspec)              
(fontspec)              This font family consists of the following NFSS
(fontspec)             series/shapes:
(fontspec)              
(fontspec)             - 'normal' (m/n) with NFSS spec.: <->"DejaVu
(fontspec)             Sans/OT:script=latn;language=dflt;mapping=tex-text;"
(fontspec)             - 'small caps'  (m/sc) with NFSS spec.: 
(fontspec)             - 'bold' (b/n) with NFSS spec.: <->"DejaVu
(fontspec)             Sans/B/OT:script=latn;language=dflt;mapping=tex-text;"
(fontspec)             - 'bold small caps'  (b/sc) with NFSS spec.: 
(fontspec)             - 'italic' (m/it) with NFSS spec.: <->"DejaVu
(fontspec)             Sans/I/OT:script=latn;language=dflt;mapping=tex-text;"
(fontspec)             - 'italic small caps'  (m/scit) with NFSS spec.: 
(fontspec)             - 'bold italic' (b/it) with NFSS spec.: <->"DejaVu
(fontspec)             Sans/BI/OT:script=latn;language=dflt;mapping=tex-text;"
(fontspec)             - 'bold italic small caps'  (b/scit) with NFSS spec.: 


Package fontspec Info: Font family 'DejaVuSansMono(0)' created for font
(fontspec)             'DejaVu Sans Mono' with options
(fontspec)             [WordSpace={1,0,0},HyphenChar=None,PunctuationSpace=Word
Space].
(fontspec)              
(fontspec)              This font family consists of the following NFSS
(fontspec)             series/shapes:
(fontspec)              
(fontspec)             - 'normal' (m/n) with NFSS spec.: <->"DejaVu Sans
(fontspec)             Mono/OT:script=latn;language=dflt;"
(fontspec)             - 'small caps'  (m/sc) with NFSS spec.: 
(fontspec)             and font adjustment code:
(fontspec)             \fontdimen 2\font =1\fontdimen 2\font \fontdimen 3\font
(fontspec)             =0\fontdimen 3\font \fontdimen 4\font =0\fontdimen
(fontspec)             4\font \fontdimen 7\font =0\fontdimen 2\font
(fontspec)             \tex_hyphenchar:D \font =-1\scan_stop: 
(fontspec)             - 'bold' (b/n) with NFSS spec.: <->"DejaVu Sans
(fontspec)             Mono/B/OT:script=latn;language=dflt;"
(fontspec)             - 'bold small caps'  (b/sc) with NFSS spec.: 
(fontspec)             and font adjustment code:
(fontspec)             \fontdimen 2\font =1\fontdimen 2\font \fontdimen 3\font
(fontspec)             =0\fontdimen 3\font \fontdimen 4\font =0\fontdimen
(fontspec)             4\font \fontdimen 7\font =0\fontdimen 2\font
(fontspec)             \tex_hyphenchar:D \font =-1\scan_stop: 
(fontspec)             - 'italic' (m/it) with NFSS spec.: <->"DejaVu Sans
(fontspec)             Mono/I/OT:script=latn;language=dflt;"
(fontspec)             - 'italic small caps'  (m/scit) with NFSS spec.: 
(fontspec)             and font adjustment code:
(fontspec)             \fontdimen 2\font =1\fontdimen 2\font \fontdimen 3\font
(fontspec)             =0\fontdimen 3\font \fontdimen 4\font =0\fontdimen
(fontspec)             4\font \fontdimen 7\font =0\fontdimen 2\font
(fontspec)             \tex_hyphenchar:D \font =-1\scan_stop: 
(fontspec)             - 'bold italic' (b/it) with NFSS spec.: <->"DejaVu Sans
(fontspec)             Mono/BI/OT:script=latn;language=dflt;"
(fontspec)             - 'bold italic small caps'  (b/scit) with NFSS spec.: 
(fontspec)             and font adjustment code:
(fontspec)             \fontdimen 2\font =1\fontdimen 2\font \fontdimen 3\font
(fontspec)             =0\fontdimen 3\font \fontdimen 4\font =0\fontdimen
(fontspec)             4\font \fontdimen 7\font =0\fontdimen 2\font
(fontspec)             \tex_hyphenchar:D \font =-1\scan_stop: 


(/usr/share/texmf-dist/tex/latex/base/flafter.sty
Package: flafter 2021/07/31 v1.4e Standard LaTeX floats after reference (FMi)
Applying: [2015/01/01] float order in 2-column on input line 49.
Already applied: [0000/00/00] float order in 2-column on input line 151.
)
\GostItemGap=\skip57
\GostItemIndent=\skip58
\GostItemNestedIndent=\skip59

(/usr/share/texmf-dist/tex/latex/amsfonts/amssymb.sty
Package: amssymb 2013/01/14 v3.01 AMS font symbols

(/usr/share/texmf-dist/tex/latex/amsfonts/amsfonts.sty
Package: amsfonts 2013/01/14 v3.01 Basic AMSFonts support
\@emptytoks=\toks19
\symAMSa=\mathgroup4
\symAMSb=\mathgroup5
LaTeX Font Info:    Redeclaring math symbol \hbar on input line 98.
LaTeX Font Info:    Overwriting math alphabet `\mathfrak' in version `bold'
(Font)                  U/euf/m/n --> U/euf/b/n on input line 106.
))
(/usr/share/texmf-dist/tex/latex/amsmath/amsmath.sty
Package: amsmath 2021/10/15 v2.17l AMS math features
\@mathmargin=\skip60

For additional information on amsmath, use the `?' option.
(/usr/share/texmf-dist/tex/latex/amsmath/amstext.sty
Package: amstext 2021/08/26 v2.01 AMS text

(/usr/share/texmf-dist/tex/latex/amsmath/amsgen.sty
File: amsgen.sty 1999/11/30 v2.0 generic functions
\@emptytoks=\toks20
\ex@=\dimen145
))
(/usr/share/texmf-dist/tex/latex/amsmath/amsbsy.sty
Package: amsbsy 1999/11/29 v1.2d Bold Symbols
\pmbraise@=\dimen146
)
(/usr/share/texmf-dist/tex/latex/amsmath/amsopn.sty
Package: amsopn 2021/08/26 v2.02 operator names
)
\inf@bad=\count275
LaTeX Info: Redefining \frac on input line 234.
\uproot@=\count276
\leftroot@=\count277
LaTeX Info: Redefining \overline on input line 399.
\classnum@=\count278
\DOTSCASE@=\count279
LaTeX Info: Redefining \ldots on input line 496.
LaTeX Info: Redefining \dots on input line 499.
LaTeX Info: Redefining \cdots on input line 620.
\Mathstrutbox@=\box55
\strutbox@=\box56
\big@size=\dimen147
LaTeX Font Info:    Redeclaring font encoding OML on input line 743.
LaTeX Font Info:    Redeclaring font encoding OMS on input line 744.
\macc@depth=\count280
\c@MaxMatrixCols=\count281
\dotsspace@=\muskip16
\c@parentequation=\count282
\dspbrk@lvl=\count283
\tag@help=\toks21
\row@=\count284
\column@=\count285
\maxfields@=\count286
\andhelp@=\toks22
\eqnshift@=\dimen148
\alignsep@=\dimen149
\tagshift@=\dimen150
\tagwidth@=\dimen151
\totwidth@=\dimen152
\lineht@=\dimen153
\@envbody=\toks23
\multlinegap=\skip61
\multlinetaggap=\skip62
\mathdisplay@stack=\toks24
LaTeX Info: Redefining \[ on input line 2938.
LaTeX Info: Redefining \] on input line 2939.
)
(/usr/share/texmf-dist/tex/latex/was/icomma.sty
Package: icomma 2002/03/10 v2.0 (WaS)
)
(/usr/share/texmf-dist/tex/latex/base/leqno.clo
File: leqno.clo 2016/12/29 v1.2b Standard LaTeX option (left equation numbers)
)
\Gost@EqRemLen=\skip63
\Gost@@EqRemLen=\skip64

(/usr/share/texmf-dist/tex/latex/caption/caption.sty
Package: caption 2022/03/01 v3.6b Customizing captions (AR)

(/usr/share/texmf-dist/tex/latex/caption/caption3.sty
Package: caption3 2022/03/17 v2.3b caption3 kernel (AR)
\caption@tempdima=\dimen154
\captionmargin=\dimen155
\caption@leftmargin=\dimen156
\caption@rightmargin=\dimen157
\caption@width=\dimen158
\caption@indent=\dimen159
\caption@parindent=\dimen160
\caption@hangindent=\dimen161
\abovecaptionskip=\skip65
\belowcaptionskip=\skip66
Package caption Info: Document class w/o caption stuff detected.
)
\c@caption@flags=\count287
\c@continuedfloat=\count288
)
\c@figure=\count289
\c@table=\count290

(/usr/share/texmf-dist/tex/latex/tools/longtable.sty
Package: longtable 2021-09-01 v4.17 Multi-page Table package (DPC)
\LTleft=\skip67
\LTright=\skip68
\LTpre=\skip69
\LTpost=\skip70
\LTchunksize=\count291
\LTcapwidth=\dimen162
\LT@head=\box57
\LT@firsthead=\box58
\LT@foot=\box59
\LT@lastfoot=\box60
\LT@gbox=\box61
\LT@cols=\count292
\LT@rows=\count293
\c@LT@tables=\count294
\c@LT@chunks=\count295
\LT@p@ftn=\toks25
)
(/usr/share/texmf-dist/tex/latex/footmisc/footmisc.sty
Package: footmisc 2022/03/08 v6.0d a miscellany of footnote facilities
\FN@temptoken=\toks26
\footnotemargin=\dimen163
\@outputbox@depth=\dimen164

(/usr/share/texmf-dist/tex/latex/bigfoot/perpage.sty
Package: perpage 2014/10/25 2.0 Reset/sort counters per page
\c@abspage=\count296
)
\c@pp@a@footnote=\count297
Package footmisc Info: Declaring symbol style bringhurst on input line 695.
Package footmisc Info: Declaring symbol style chicago on input line 703.
Package footmisc Info: Declaring symbol style wiley on input line 712.
Package footmisc Info: Declaring symbol style lamport-robust on input line 723.

Package footmisc Info: Declaring symbol style lamport* on input line 743.
Package footmisc Info: Declaring symbol style lamport*-robust on input line 764
.
)
\bibindent=\dimen165
)
(/usr/share/texmf-dist/tex/latex/geometry/geometry.sty
Package: geometry 2020/01/02 v5.9 Page Geometry

(/usr/share/texmf-dist/tex/generic/iftex/ifvtex.sty
Package: ifvtex 2019/10/25 v1.7 ifvtex legacy package. Use iftex instead.
)
\Gm@cnth=\count298
\Gm@cntv=\count299
\c@Gm@tempcnt=\count300
\Gm@bindingoffset=\dimen166
\Gm@wd@mp=\dimen167
\Gm@odd@mp=\dimen168
\Gm@even@mp=\dimen169
\Gm@layoutwidth=\dimen170
\Gm@layoutheight=\dimen171
\Gm@layouthoffset=\dimen172
\Gm@layoutvoffset=\dimen173
\Gm@dimlist=\toks27
) (./roc-style.sty
Package: roc-style 2019/11/07 v1.0 Полезные функции и постоянно используемые па
кеты.

(/usr/share/texmf-dist/tex/latex/tools/enumerate.sty
Package: enumerate 2015/07/23 v3.00 enumerate extensions (DPC)
\@enLab=\toks28
)
(/usr/share/texmf-dist/tex/latex/fancyhdr/fancyhdr.sty
Package: fancyhdr 2021/01/28 v4.0.1 Extensive control of page headers and foote
rs
\f@nch@headwidth=\skip71
\f@nch@O@elh=\skip72
\f@nch@O@erh=\skip73
\f@nch@O@olh=\skip74
\f@nch@O@orh=\skip75
\f@nch@O@elf=\skip76
\f@nch@O@erf=\skip77
\f@nch@O@olf=\skip78
\f@nch@O@orf=\skip79
)
(/usr/share/texmf-dist/tex/latex/tools/multicol.sty
Package: multicol 2021/10/28 v1.9b multicolumn formatting (FMi)
\c@tracingmulticols=\count301
\mult@box=\box62
\multicol@leftmargin=\dimen174
\c@unbalance=\count302
\c@collectmore=\count303
\doublecol@number=\count304
\multicoltolerance=\count305
\multicolpretolerance=\count306
\full@width=\dimen175
\page@free=\dimen176
\premulticols=\dimen177
\postmulticols=\dimen178
\multicolsep=\skip80
\multicolbaselineskip=\skip81
\partial@page=\box63
\last@line=\box64
\maxbalancingoverflow=\dimen179
\mult@rightbox=\box65
\mult@grightbox=\box66
\mult@firstbox=\box67
\mult@gfirstbox=\box68
\@tempa=\box69
\@tempa=\box70
\@tempa=\box71
\@tempa=\box72
\@tempa=\box73
\@tempa=\box74
\@tempa=\box75
\@tempa=\box76
\@tempa=\box77
\@tempa=\box78
\@tempa=\box79
\@tempa=\box80
\@tempa=\box81
\@tempa=\box82
\@tempa=\box83
\@tempa=\box84
\@tempa=\box85
\@tempa=\box86
\@tempa=\box87
\@tempa=\box88
\@tempa=\box89
\@tempa=\box90
\@tempa=\box91
\@tempa=\box92
\@tempa=\box93
\@tempa=\box94
\@tempa=\box95
\@tempa=\box96
\@tempa=\box97
\@tempa=\box98
\@tempa=\box99
\@tempa=\box100
\@tempa=\box101
\@tempa=\box102
\@tempa=\box103
\@tempa=\box104
\c@minrows=\count307
\c@columnbadness=\count308
\c@finalcolumnbadness=\count309
\last@try=\dimen180
\multicolovershoot=\dimen181
\multicolundershoot=\dimen182
\mult@nat@firstbox=\box105
\colbreak@box=\box106
\mc@col@check@num=\count310
)
(/usr/share/texmf-dist/tex/latex/multirow/multirow.sty
Package: multirow 2021/03/15 v2.8 Span multiple rows of a table
\multirow@colwidth=\skip82
\multirow@cntb=\count311
\multirow@dima=\skip83
\bigstrutjot=\dimen183
)
(/usr/share/texmf-dist/tex/latex/tools/tabularx.sty
Package: tabularx 2020/01/15 v2.11c `tabularx' package (DPC)

(/usr/share/texmf-dist/tex/latex/tools/array.sty
Package: array 2021/10/04 v2.5f Tabular extension package (FMi)
\col@sep=\dimen184
\ar@mcellbox=\box107
\extrarowheight=\dimen185
\NC@list=\toks29
\extratabsurround=\skip84
\backup@length=\skip85
\ar@cellbox=\box108
)
\TX@col@width=\dimen186
\TX@old@table=\dimen187
\TX@old@col=\dimen188
\TX@target=\dimen189
\TX@delta=\dimen190
\TX@cols=\count312
\TX@ftn=\toks30
)
(/usr/share/texmf-dist/tex/latex/tabu/tabu.sty
Package: tabu 2019/01/11 v2.9 - flexible LaTeX tabulars (FC+tabu-fixed)

(/usr/share/texmf-dist/tex/latex/varwidth/varwidth.sty
Package: varwidth 2009/03/30 ver 0.92;  Variable-width minipages
\@vwid@box=\box109
\sift@deathcycles=\count313
\@vwid@loff=\dimen191
\@vwid@roff=\dimen192
)
\c@taburow=\count314
\tabu@nbcols=\count315
\tabu@cnt=\count316
\tabu@Xcol=\count317
\tabu@alloc=\count318
\tabu@nested=\count319
\tabu@target=\dimen193
\tabu@spreadtarget=\dimen194
\tabu@naturalX=\dimen195
\tabucolX=\dimen196
\tabu@Xsum=\dimen197
\extrarowdepth=\dimen198
\abovetabulinesep=\dimen199
\belowtabulinesep=\dimen256
\tabustrutrule=\dimen257
\tabu@thebody=\toks31
\tabu@footnotes=\toks32
\tabu@box=\box110
\tabu@arstrutbox=\box111
\tabu@hleads=\box112
\tabu@vleads=\box113
\tabu@cellskip=\skip86
)
(/usr/share/texmf-dist/tex/latex/forloop/forloop.sty
Package: forloop 2006/09/18 v3.0 For Loops for LaTeX

(/usr/share/texmf-dist/tex/latex/base/ifthen.sty
Package: ifthen 2020/11/24 v1.1c Standard LaTeX ifthen package (DPC)
))
(/usr/share/texmf-dist/tex/latex/tools/calc.sty
Package: calc 2017/05/25 v4.3 Infix arithmetic (KKT,FJ)
\calc@Acount=\count320
\calc@Bcount=\count321
\calc@Adimen=\dimen258
\calc@Bdimen=\dimen259
\calc@Askip=\skip87
\calc@Bskip=\skip88
LaTeX Info: Redefining \setlength on input line 80.
LaTeX Info: Redefining \addtolength on input line 81.
\calc@Ccount=\count322
\calc@Cskip=\skip89
)
(/usr/share/texmf-dist/tex/latex/lipsum/lipsum.sty
(/usr/share/texmf-dist/tex/latex/l3packages/l3keys2e/l3keys2e.sty
Package: l3keys2e 2022-01-12 LaTeX2e option processing using LaTeX3 keys
)
Package: lipsum 2021-09-20 v2.7 150 paragraphs of Lorem Ipsum dummy text
\g__lipsum_par_int=\count323
\l__lipsum_a_int=\count324
\l__lipsum_b_int=\count325

(/usr/share/texmf-dist/tex/latex/lipsum/lipsum.ltd.tex))
(/usr/share/texmf-dist/tex/latex/setspace/setspace.sty
Package: setspace 2011/12/19 v6.7a set line spacing
)
(/usr/share/texmf-dist/tex/latex/base/atbegshi-ltx.sty
Package: atbegshi-ltx 2021/01/10 v1.0c Emulation of the original atbegshi
package with kernel methods
)
(/usr/share/texmf-dist/tex/latex/blindtext/blindtext.sty
Package: blindtext 2012/01/06 V2.0 blindtext-Package

(/usr/share/texmf-dist/tex/latex/tools/xspace.sty
Package: xspace 2014/10/28 v1.13 Space after command names (DPC,MH)
)
\c@blindtext=\count326
\c@Blindtext=\count327
\c@blind@countparstart=\count328
\blind@countxx=\count329
\blindtext@numBlindtext=\count330
\blind@countyy=\count331
\c@blindlist=\count332
\c@blindlistlevel=\count333
\c@blindlist@level=\count334
\blind@listitem=\count335
\c@blind@listcount=\count336
\c@blind@levelcount=\count337
\blind@mathformula=\count338
\blind@Mathformula=\count339
\c@blind@randomcount=\count340
\c@blind@randommax=\count341
\c@blind@pangramcount=\count342
\c@blind@pangrammax=\count343
)
(/usr/share/texmf-dist/tex/latex/tools/afterpage.sty
Package: afterpage 2014/10/28 v1.08 After-Page Package (DPC)
\AP@output=\toks33
\AP@partial=\box114
\AP@footins=\box115
)
(/usr/share/texmf-dist/tex/latex/float/float.sty
Package: float 2001/11/08 v1.3d Float enhancements (AL)
\c@float@type=\count344
\float@exts=\toks34
\float@box=\box116
\@float@everytoks=\toks35
\@floatcapt=\box117
)
(/usr/share/texmf-dist/tex/latex/supertabular/supertabular.sty
Package: supertabular 2020/02/02 v4.1g the supertabular environment
\c@tracingst=\count345
\ST@wd=\dimen260
\ST@rightskip=\skip90
\ST@leftskip=\skip91
\ST@parfillskip=\skip92
\ST@pageleft=\dimen261
\ST@headht=\dimen262
\ST@tailht=\dimen263
\ST@pagesofar=\dimen264
\ST@pboxht=\dimen265
\ST@lineht=\dimen266
\ST@prevht=\dimen267
\ST@toadd=\dimen268
\ST@dimen=\dimen269
\ST@pbox=\box118
)
(/usr/share/texmf-dist/tex/latex/pdflscape/pdflscape.sty
Package: pdflscape 2019/12/05 v0.12 Display of landscape pages in PDF (HO)

(/usr/share/texmf-dist/tex/latex/graphics/lscape.sty
Package: lscape 2020/05/28 v3.02 Landscape Pages (DPC)
)
Package pdflscape Info: Auto-detected driver: dvipdfm (xetex) on input line 98.

)
(/usr/share/texmf-dist/tex/latex/hyperref/hyperref.sty
Package: hyperref 2022-02-21 v7.00n Hypertext links for LaTeX

(/usr/share/texmf-dist/tex/generic/ltxcmds/ltxcmds.sty
Package: ltxcmds 2020-05-10 v1.25 LaTeX kernel commands for general use (HO)
)
(/usr/share/texmf-dist/tex/generic/pdftexcmds/pdftexcmds.sty
Package: pdftexcmds 2020-06-27 v0.33 Utility functions of pdfTeX for LuaTeX (HO
)

(/usr/share/texmf-dist/tex/generic/infwarerr/infwarerr.sty
Package: infwarerr 2019/12/03 v1.5 Providing info/warning/error messages (HO)
)
Package pdftexcmds Info: \pdf@primitive is available.
Package pdftexcmds Info: \pdf@ifprimitive is available.
Package pdftexcmds Info: \pdfdraftmode not found.
)
(/usr/share/texmf-dist/tex/generic/kvsetkeys/kvsetkeys.sty
Package: kvsetkeys 2019/12/15 v1.18 Key value parser (HO)
)
(/usr/share/texmf-dist/tex/generic/kvdefinekeys/kvdefinekeys.sty
Package: kvdefinekeys 2019-12-19 v1.6 Define keys (HO)
)
(/usr/share/texmf-dist/tex/generic/pdfescape/pdfescape.sty
Package: pdfescape 2019/12/09 v1.15 Implements pdfTeX's escape features (HO)
)
(/usr/share/texmf-dist/tex/latex/hycolor/hycolor.sty
Package: hycolor 2020-01-27 v1.10 Color options for hyperref/bookmark (HO)
)
(/usr/share/texmf-dist/tex/latex/letltxmacro/letltxmacro.sty
Package: letltxmacro 2019/12/03 v1.6 Let assignment for LaTeX macros (HO)
)
(/usr/share/texmf-dist/tex/latex/auxhook/auxhook.sty
Package: auxhook 2019-12-17 v1.6 Hooks for auxiliary files (HO)
)
(/usr/share/texmf-dist/tex/latex/kvoptions/kvoptions.sty
Package: kvoptions 2020-10-07 v3.14 Key value format for package options (HO)
)
\@linkdim=\dimen270
\Hy@linkcounter=\count346
\Hy@pagecounter=\count347

(/usr/share/texmf-dist/tex/latex/hyperref/pd1enc.def
File: pd1enc.def 2022-02-21 v7.00n Hyperref: PDFDocEncoding definition (HO)
)
(/usr/share/texmf-dist/tex/generic/intcalc/intcalc.sty
Package: intcalc 2019/12/15 v1.3 Expandable calculations with integers (HO)
)
(/usr/share/texmf-dist/tex/generic/etexcmds/etexcmds.sty
Package: etexcmds 2019/12/15 v1.7 Avoid name clashes with e-TeX commands (HO)
)
\Hy@SavedSpaceFactor=\count348

(/usr/share/texmf-dist/tex/latex/hyperref/puenc.def
File: puenc.def 2022-02-21 v7.00n Hyperref: PDF Unicode definition (HO)
)
Package hyperref Info: Option `bookmarks' set `true' on input line 4018.
Package hyperref Info: Option `colorlinks' set `true' on input line 4018.
Package hyperref Info: Option `unicode' set `true' on input line 4018.
Package hyperref Info: Hyper figures OFF on input line 4137.
Package hyperref Info: Link nesting OFF on input line 4142.
Package hyperref Info: Hyper index ON on input line 4145.
Package hyperref Info: Plain pages OFF on input line 4152.
Package hyperref Info: Backreferencing OFF on input line 4157.
Package hyperref Info: Implicit mode ON; LaTeX internals redefined.
Package hyperref Info: Bookmarks ON on input line 4390.
\c@Hy@tempcnt=\count349

(/usr/share/texmf-dist/tex/latex/url/url.sty
\Urlmuskip=\muskip17
Package: url 2013/09/16  ver 3.4  Verb mode for urls, etc.
)
LaTeX Info: Redefining \url on input line 4749.
\XeTeXLinkMargin=\dimen271

(/usr/share/texmf-dist/tex/generic/bitset/bitset.sty
Package: bitset 2019/12/09 v1.3 Handle bit-vector datatype (HO)

(/usr/share/texmf-dist/tex/generic/bigintcalc/bigintcalc.sty
Package: bigintcalc 2019/12/15 v1.5 Expandable calculations on big integers (HO
)
))
\Fld@menulength=\count350
\Field@Width=\dimen272
\Fld@charsize=\dimen273
Package hyperref Info: Hyper figures OFF on input line 6027.
Package hyperref Info: Link nesting OFF on input line 6032.
Package hyperref Info: Hyper index ON on input line 6035.
Package hyperref Info: backreferencing OFF on input line 6042.
Package hyperref Info: Link coloring ON on input line 6045.
Package hyperref Info: Link coloring with OCG OFF on input line 6052.
Package hyperref Info: PDF/A mode OFF on input line 6057.
LaTeX Info: Redefining \ref on input line 6097.
LaTeX Info: Redefining \pageref on input line 6101.
\Hy@abspage=\count351
\c@Item=\count352
\c@Hfootnote=\count353
)
Package hyperref Info: Driver (autodetected): hxetex.

(/usr/share/texmf-dist/tex/latex/hyperref/hxetex.def
File: hxetex.def 2022-02-21 v7.00n Hyperref driver for XeTeX

(/usr/share/texmf-dist/tex/generic/stringenc/stringenc.sty
Package: stringenc 2019/11/29 v1.12 Convert strings between diff. encodings (HO
)
)
\pdfm@box=\box119
\c@Hy@AnnotLevel=\count354
\HyField@AnnotCount=\count355
\Fld@listcount=\count356
\c@bookmark@seq@number=\count357

(/usr/share/texmf-dist/tex/latex/rerunfilecheck/rerunfilecheck.sty
Package: rerunfilecheck 2019/12/05 v1.9 Rerun checks for auxiliary files (HO)

(/usr/share/texmf-dist/tex/latex/base/atveryend-ltx.sty
Package: atveryend-ltx 2020/08/19 v1.0a Emulation of the original atveryend pac
kage
with kernel methods
)
(/usr/share/texmf-dist/tex/generic/uniquecounter/uniquecounter.sty
Package: uniquecounter 2019/12/15 v1.4 Provide unlimited unique counter (HO)
)
Package uniquecounter Info: New unique counter `rerunfilecheck' on input line 2
86.
)
\Hy@SectionHShift=\skip93
)

Package array Warning: Column W is already defined on input line 34.

\RemainingSpace=\skip94
)) (/usr/share/texmf-dist/tex/latex/titlesec/titletoc.sty
Package: titletoc 2021/07/05 v2.14 TOC entries
\ttl@leftsep=\dimen274
) (./RoC Ascension.aux)
\openout1 = `"RoC Ascension.aux"'.

LaTeX Font Info:    Checking defaults for OML/cmm/m/it on input line 13.
LaTeX Font Info:    ... okay on input line 13.
LaTeX Font Info:    Checking defaults for OMS/cmsy/m/n on input line 13.
LaTeX Font Info:    ... okay on input line 13.
LaTeX Font Info:    Checking defaults for OT1/cmr/m/n on input line 13.
LaTeX Font Info:    ... okay on input line 13.
LaTeX Font Info:    Checking defaults for T1/cmr/m/n on input line 13.
LaTeX Font Info:    ... okay on input line 13.
LaTeX Font Info:    Checking defaults for TS1/cmr/m/n on input line 13.
LaTeX Font Info:    Trying to load font information for TS1+cmr on input line 1
3.
 (/usr/share/texmf-dist/tex/latex/base/ts1cmr.fd
File: ts1cmr.fd 2019/12/16 v2.5j Standard LaTeX font definitions
)
LaTeX Font Info:    ... okay on input line 13.
LaTeX Font Info:    Checking defaults for TU/lmr/m/n on input line 13.
LaTeX Font Info:    ... okay on input line 13.
LaTeX Font Info:    Checking defaults for OMX/cmex/m/n on input line 13.
LaTeX Font Info:    ... okay on input line 13.
LaTeX Font Info:    Checking defaults for U/cmr/m/n on input line 13.
LaTeX Font Info:    ... okay on input line 13.
LaTeX Font Info:    Checking defaults for PD1/pdf/m/n on input line 13.
LaTeX Font Info:    ... okay on input line 13.
LaTeX Font Info:    Checking defaults for PU/pdf/m/n on input line 13.
LaTeX Font Info:    ... okay on input line 13.

Package fontspec Info: Adjusting the maths setup (use [no-math] to avoid
(fontspec)             this).

\symlegacymaths=\mathgroup6
LaTeX Font Info:    Overwriting symbol font `legacymaths' in version `bold'
(Font)                  OT1/cmr/m/n --> OT1/cmr/bx/n on input line 13.
LaTeX Font Info:    Redeclaring math accent \acute on input line 13.
LaTeX Font Info:    Redeclaring math accent \grave on input line 13.
LaTeX Font Info:    Redeclaring math accent \ddot on input line 13.
LaTeX Font Info:    Redeclaring math accent \tilde on input line 13.
LaTeX Font Info:    Redeclaring math accent \bar on input line 13.
LaTeX Font Info:    Redeclaring math accent \breve on input line 13.
LaTeX Font Info:    Redeclaring math accent \check on input line 13.
LaTeX Font Info:    Redeclaring math accent \hat on input line 13.
LaTeX Font Info:    Redeclaring math accent \dot on input line 13.
LaTeX Font Info:    Redeclaring math accent \mathring on input line 13.
LaTeX Font Info:    Redeclaring math symbol \Gamma on input line 13.
LaTeX Font Info:    Redeclaring math symbol \Delta on input line 13.
LaTeX Font Info:    Redeclaring math symbol \Theta on input line 13.
LaTeX Font Info:    Redeclaring math symbol \Lambda on input line 13.
LaTeX Font Info:    Redeclaring math symbol \Xi on input line 13.
LaTeX Font Info:    Redeclaring math symbol \Pi on input line 13.
LaTeX Font Info:    Redeclaring math symbol \Sigma on input line 13.
LaTeX Font Info:    Redeclaring math symbol \Upsilon on input line 13.
LaTeX Font Info:    Redeclaring math symbol \Phi on input line 13.
LaTeX Font Info:    Redeclaring math symbol \Psi on input line 13.
LaTeX Font Info:    Redeclaring math symbol \Omega on input line 13.
LaTeX Font Info:    Redeclaring math symbol \mathdollar on input line 13.
LaTeX Font Info:    Redeclaring symbol font `operators' on input line 13.
LaTeX Font Info:    Encoding `OT1' has changed to `TU' for symbol font
(Font)              `operators' in the math version `normal' on input line 13.
LaTeX Font Info:    Overwriting symbol font `operators' in version `normal'
(Font)                  OT1/cmr/m/n --> TU/TimesNewRoman(0)/m/n on input line 1
3.
LaTeX Font Info:    Encoding `OT1' has changed to `TU' for symbol font
(Font)              `operators' in the math version `bold' on input line 13.
LaTeX Font Info:    Overwriting symbol font `operators' in version `bold'
(Font)                  OT1/cmr/bx/n --> TU/TimesNewRoman(0)/m/n on input line 
13.
LaTeX Font Info:    Overwriting symbol font `operators' in version `normal'
(Font)                  TU/TimesNewRoman(0)/m/n --> TU/TimesNewRoman(0)/m/n on 
input line 13.
LaTeX Font Info:    Overwriting math alphabet `\mathit' in version `normal'
(Font)                  OT1/cmr/m/it --> TU/TimesNewRoman(0)/m/it on input line
 13.
LaTeX Font Info:    Overwriting math alphabet `\mathbf' in version `normal'
(Font)                  OT1/cmr/bx/n --> TU/TimesNewRoman(0)/b/n on input line 
13.
LaTeX Font Info:    Overwriting math alphabet `\mathsf' in version `normal'
(Font)                  OT1/cmss/m/n --> TU/DejaVuSans(0)/m/n on input line 13.

LaTeX Font Info:    Overwriting math alphabet `\mathtt' in version `normal'
(Font)                  OT1/cmtt/m/n --> TU/DejaVuSansMono(0)/m/n on input line
 13.
LaTeX Font Info:    Overwriting symbol font `operators' in version `bold'
(Font)                  TU/TimesNewRoman(0)/m/n --> TU/TimesNewRoman(0)/b/n on 
input line 13.
LaTeX Font Info:    Overwriting math alphabet `\mathit' in version `bold'
(Font)                  OT1/cmr/bx/it --> TU/TimesNewRoman(0)/b/it on input lin
e 13.
LaTeX Font Info:    Overwriting math alphabet `\mathsf' in version `bold'
(Font)                  OT1/cmss/bx/n --> TU/DejaVuSans(0)/b/n on input line 13
.
LaTeX Font Info:    Overwriting math alphabet `\mathtt' in version `bold'
(Font)                  OT1/cmtt/m/n --> TU/DejaVuSansMono(0)/b/n on input line
 13.
LaTeX Info: Redefining \th on input line 13.
Package caption Info: Begin \AtBeginDocument code.
Package caption Info: float package is loaded.
Package caption Info: hyperref package is loaded.
Package caption Info: longtable package is loaded.

(/usr/share/texmf-dist/tex/latex/caption/ltcaption.sty
Package: ltcaption 2021/01/08 v1.4c longtable captions (AR)
)
Package caption Info: supertabular package is loaded.
Package caption Info: End \AtBeginDocument code.

*geometry* driver: auto-detecting
*geometry* detected driver: xetex
*geometry* verbose mode - [ preamble ] result:
* driver: xetex
* paper: <default>
* layout: <same size as paper>
* layoutoffset:(h,v)=(0.0pt,0.0pt)
* modes: 
* h-part:(L,W,R)=(85.35826pt, 469.47049pt, 42.67912pt)
* v-part:(T,H,B)=(56.9055pt, 731.23584pt, 56.9055pt)
* \paperwidth=597.50787pt
* \paperheight=845.04684pt
* \textwidth=469.47049pt
* \textheight=731.23584pt
* \oddsidemargin=13.08827pt
* \evensidemargin=13.08827pt
* \topmargin=-29.36449pt
* \headheight=14.0pt
* \headsep=0.0pt
* \topskip=14.0pt
* \footskip=30.0pt
* \marginparwidth=15.0pt
* \marginparsep=10.0pt
* \columnsep=10.0pt
* \skip\footins=12.0pt plus 4.0pt minus 2.0pt
* \hoffset=0.0pt
* \voffset=0.0pt
* \mag=1000
* \@twocolumnfalse
* \@twosidefalse
* \@mparswitchfalse
* \@reversemarginfalse
* (1in=72.27pt=25.4mm, 1cm=28.453pt)

(/usr/share/texmf-dist/tex/latex/graphics/color.sty
Package: color 2021/12/07 v1.3c Standard LaTeX Color (DPC)

(/usr/share/texmf-dist/tex/latex/graphics-cfg/color.cfg
File: color.cfg 2016/01/02 v1.6 sample color configuration
)
Package color Info: Driver file: xetex.def on input line 149.
)
Package hyperref Info: Link coloring ON on input line 13.

(/usr/share/texmf-dist/tex/latex/hyperref/nameref.sty
Package: nameref 2021-04-02 v2.47 Cross-referencing by name of section

(/usr/share/texmf-dist/tex/latex/refcount/refcount.sty
Package: refcount 2019/12/15 v3.6 Data extraction from label references (HO)
)
(/usr/share/texmf-dist/tex/generic/gettitlestring/gettitlestring.sty
Package: gettitlestring 2019/12/15 v1.6 Cleanup title references (HO)
)
\c@section@level=\count358
)
LaTeX Info: Redefining \ref on input line 13.
LaTeX Info: Redefining \pageref on input line 13.
LaTeX Info: Redefining \nameref on input line 13.

(./RoC Ascension.out) (./RoC Ascension.out)
\@outlinefile=\write3
\openout3 = `"RoC Ascension.out"'.

File: logo.png Graphic file (type bmp)
<logo.png>
 [1

] (./RoC Ascension.toc
LaTeX Font Info:    Trying to load font information for U+msa on input line 2.

(/usr/share/texmf-dist/tex/latex/amsfonts/umsa.fd
File: umsa.fd 2013/01/14 v3.01 AMS symbols A
)
LaTeX Font Info:    Trying to load font information for U+msb on input line 2.

(/usr/share/texmf-dist/tex/latex/amsfonts/umsb.fd
File: umsb.fd 2013/01/14 v3.01 AMS symbols B
))
\tf@toc=\write4
\openout4 = `"RoC Ascension.toc"'.

 [2

] (./parts/Чудеса.tex
Underfull \hbox (badness 10000) in paragraph at lines 17--18
[]\TU/TimesNewRoman(0)/m/n/14.4 Чтобы убрать внутреннюю конкуренцию предлагаю п
оступать
 []

[3]
Underfull \hbox (badness 1248) in paragraph at lines 43--44
[]\TU/TimesNewRoman(0)/m/n/14.4 если доступно, вкладывайте в Чудо с минимальным
 уровнем
 []


Underfull \hbox (badness 10000) in paragraph at lines 45--46
[]\TU/TimesNewRoman(0)/m/n/14.4 сделайте вложение в любое чудо членов альянса
 []


Underfull \hbox (badness 10000) in paragraph at lines 46--47
[]\TU/TimesNewRoman(0)/m/n/14.4 сделайте вложение в любое чудо членов альянса
 []


Underfull \hbox (badness 1248) in paragraph at lines 51--52
[]\TU/TimesNewRoman(0)/m/n/14.4 если доступно, вкладывайте в Чудо с минимальным
 уровнем
 []


Underfull \hbox (badness 10000) in paragraph at lines 53--54
[]\TU/TimesNewRoman(0)/m/n/14.4 сделайте вложение в любое чудо членов альянса
 []


Underfull \hbox (badness 10000) in paragraph at lines 54--55
[]\TU/TimesNewRoman(0)/m/n/14.4 сделайте вложение в любое чудо членов альянса
 []

[4] [5] [6] [7] [8] [9] [10] [11] [12] [13] [14] [15]) (./parts/Бой.tex
[16]
Underfull \hbox (badness 1735) in paragraph at lines 9--11
[]\TU/TimesNewRoman(0)/m/n/14.4 Лучники вегда должны быть сзади. Если у врага е
сть конница,
 []


Underfull \hbox (badness 5077) in paragraph at lines 12--15
[]\TU/TimesNewRoman(0)/m/n/14.4 Если у врага дальнобойные войска закрыты тяжёло
й пехотой,
 []


Underfull \hbox (badness 1509) in paragraph at lines 16--18
[]\TU/TimesNewRoman(0)/m/n/14.4 И если на второй волне остались только лучники,
 ставьте их в
 []


Underfull \hbox (badness 10000) in paragraph at lines 21--23
[]\TU/TimesNewRoman(0)/m/n/14.4 Всех командиров, призывающих войска нужно сбрас
ывать
 []


Underfull \hbox (badness 5893) in paragraph at lines 21--23
\TU/TimesNewRoman(0)/m/n/14.4 непосредственно на головы врага. Так они наносят 
дополнительный
 []

[17]
Underfull \hbox (badness 1796) in paragraph at lines 42--48
\TU/TimesNewRoman(0)/m/n/14.4 конница (Миноса придётся подождать: он регенериру
ется чуть дольше
 []

[18]
File: ./parts/media/TreasureHunt/21/sargon/photo_2022-04-06_18-11-33.jpg Graphi
c file (type bmp)
<./parts/media/TreasureHunt/21/sargon/photo_2022-04-06_18-11-33.jpg>
File: ./parts/media/TreasureHunt/21/sargon/photo_2022-04-06_18-11-59.jpg Graphi
c file (type bmp)
<./parts/media/TreasureHunt/21/sargon/photo_2022-04-06_18-11-59.jpg>

Underfull \hbox (badness 10000) in paragraph at lines 81--83

 []

[19]
File: ./parts/media/TreasureHunt/22/sargon/photo_2022-04-06_18-12-03.jpg Graphi
c file (type bmp)
<./parts/media/TreasureHunt/22/sargon/photo_2022-04-06_18-12-03.jpg>
File: ./parts/media/TreasureHunt/22/sargon/photo_2022-04-06_18-12-13.jpg Graphi
c file (type bmp)
<./parts/media/TreasureHunt/22/sargon/photo_2022-04-06_18-12-13.jpg>

Underfull \hbox (badness 10000) in paragraph at lines 88--90

 []

[20]
File: ./parts/media/TreasureHunt/23/sargon/photo_2022-04-06_18-12-18.jpg Graphi
c file (type bmp)
<./parts/media/TreasureHunt/23/sargon/photo_2022-04-06_18-12-18.jpg>
File: ./parts/media/TreasureHunt/23/sargon/photo_2022-04-06_18-12-26.jpg Graphi
c file (type bmp)
<./parts/media/TreasureHunt/23/sargon/photo_2022-04-06_18-12-26.jpg>

Underfull \hbox (badness 10000) in paragraph at lines 95--97

 []

[21]
File: ./parts/media/TreasureHunt/24/decoder/photo_2022-04-06_18-10-02.jpg Graph
ic file (type bmp)
<./parts/media/TreasureHunt/24/decoder/photo_2022-04-06_18-10-02.jpg>
File: ./parts/media/TreasureHunt/24/decoder/photo_2022-04-06_18-10-13.jpg Graph
ic file (type bmp)
<./parts/media/TreasureHunt/24/decoder/photo_2022-04-06_18-10-13.jpg>

Underfull \hbox (badness 10000) in paragraph at lines 102--104

 []

[22]
File: ./parts/media/TreasureHunt/25/decoder/photo_2022-04-13_16-38-30.jpg Graph
ic file (type bmp)
<./parts/media/TreasureHunt/25/decoder/photo_2022-04-13_16-38-30.jpg>
File: ./parts/media/TreasureHunt/25/decoder/photo_2022-04-13_16-38-45.jpg Graph
ic file (type bmp)
<./parts/media/TreasureHunt/25/decoder/photo_2022-04-13_16-38-45.jpg>
File: ./parts/media/TreasureHunt/25/decoder/photo_2022-04-13_16-38-53.jpg Graph
ic file (type bmp)
<./parts/media/TreasureHunt/25/decoder/photo_2022-04-13_16-38-53.jpg>
File: ./parts/media/TreasureHunt/25/decoder/photo_2022-04-13_16-38-58.jpg Graph
ic file (type bmp)
<./parts/media/TreasureHunt/25/decoder/photo_2022-04-13_16-38-58.jpg>

Underfull \hbox (badness 10000) in paragraph at lines 109--113

 []

[23] [24]
File: ./parts/media/TreasureHunt/26/decoder/photo_2022-04-06_18-11-14.jpg Graph
ic file (type bmp)
<./parts/media/TreasureHunt/26/decoder/photo_2022-04-06_18-11-14.jpg>
File: ./parts/media/TreasureHunt/26/decoder/photo_2022-04-06_18-11-23.jpg Graph
ic file (type bmp)
<./parts/media/TreasureHunt/26/decoder/photo_2022-04-06_18-11-23.jpg>

Underfull \hbox (badness 10000) in paragraph at lines 118--120

 []

[25]
File: ./parts/media/TreasureHunt/27/decoder/photo_2022-04-13_17-26-43.jpg Graph
ic file (type bmp)
<./parts/media/TreasureHunt/27/decoder/photo_2022-04-13_17-26-43.jpg>
File: ./parts/media/TreasureHunt/27/decoder/photo_2022-04-13_17-27-02.jpg Graph
ic file (type bmp)
<./parts/media/TreasureHunt/27/decoder/photo_2022-04-13_17-27-02.jpg>

Underfull \hbox (badness 10000) in paragraph at lines 125--127

 []

[26]
File: ./parts/media/TreasureHunt/28/Preyton/28.jpg Graphic file (type bmp)
<./parts/media/TreasureHunt/28/Preyton/28.jpg>
File: ./parts/media/TreasureHunt/28/Preyton/28..jpg Graphic file (type bmp)
<./parts/media/TreasureHunt/28/Preyton/28..jpg>

Underfull \hbox (badness 10000) in paragraph at lines 132--134

 []

[27]
File: ./parts/media/TreasureHunt/29/Preyton/29.jpg Graphic file (type bmp)
<./parts/media/TreasureHunt/29/Preyton/29.jpg>
File: ./parts/media/TreasureHunt/29/Preyton/29..jpg Graphic file (type bmp)
<./parts/media/TreasureHunt/29/Preyton/29..jpg>

Underfull \hbox (badness 10000) in paragraph at lines 139--141

 []

[28]
File: ./parts/media/TreasureHunt/30/decoder/photo_2022-04-07_09-59-28.jpg Graph
ic file (type bmp)
<./parts/media/TreasureHunt/30/decoder/photo_2022-04-07_09-59-28.jpg>
File: ./parts/media/TreasureHunt/30/decoder/photo_2022-04-07_09-59-40.jpg Graph
ic file (type bmp)
<./parts/media/TreasureHunt/30/decoder/photo_2022-04-07_09-59-40.jpg>
File: ./parts/media/TreasureHunt/30/decoder/photo_2022-04-07_10-00-22.jpg Graph
ic file (type bmp)
<./parts/media/TreasureHunt/30/decoder/photo_2022-04-07_10-00-22.jpg>
File: ./parts/media/TreasureHunt/30/decoder/photo_2022-04-07_10-00-32.jpg Graph
ic file (type bmp)
<./parts/media/TreasureHunt/30/decoder/photo_2022-04-07_10-00-32.jpg>

Underfull \hbox (badness 10000) in paragraph at lines 146--150

 []

[29] [30]
File: ./parts/media/TreasureHunt/31/sargon/photo_2022-04-07_10-05-08.jpg Graphi
c file (type bmp)
<./parts/media/TreasureHunt/31/sargon/photo_2022-04-07_10-05-08.jpg>
File: ./parts/media/TreasureHunt/31/sargon/photo_2022-04-07_10-05-25.jpg Graphi
c file (type bmp)
<./parts/media/TreasureHunt/31/sargon/photo_2022-04-07_10-05-25.jpg>
File: ./parts/media/TreasureHunt/31/sargon/photo_2022-04-07_10-05-18.jpg Graphi
c file (type bmp)
<./parts/media/TreasureHunt/31/sargon/photo_2022-04-07_10-05-18.jpg>
File: ./parts/media/TreasureHunt/31/sargon/photo_2022-04-07_10-05-22.jpg Graphi
c file (type bmp)
<./parts/media/TreasureHunt/31/sargon/photo_2022-04-07_10-05-22.jpg>

Underfull \hbox (badness 10000) in paragraph at lines 155--159

 []

[31] [32]
File: ./parts/media/TreasureHunt/32/decoder/photo_2022-04-07_10-00-59.jpg Graph
ic file (type bmp)
<./parts/media/TreasureHunt/32/decoder/photo_2022-04-07_10-00-59.jpg>
File: ./parts/media/TreasureHunt/32/decoder/photo_2022-04-07_10-01-48.jpg Graph
ic file (type bmp)
<./parts/media/TreasureHunt/32/decoder/photo_2022-04-07_10-01-48.jpg>
File: ./parts/media/TreasureHunt/32/decoder/photo_2022-04-07_10-01-54.jpg Graph
ic file (type bmp)
<./parts/media/TreasureHunt/32/decoder/photo_2022-04-07_10-01-54.jpg>
File: ./parts/media/TreasureHunt/32/decoder/photo_2022-04-07_10-01-57.jpg Graph
ic file (type bmp)
<./parts/media/TreasureHunt/32/decoder/photo_2022-04-07_10-01-57.jpg>

Underfull \hbox (badness 10000) in paragraph at lines 164--168

 []

[33] [34]
File: ./parts/media/TreasureHunt/33/sargon/photo_2022-04-07_10-06-22.jpg Graphi
c file (type bmp)
<./parts/media/TreasureHunt/33/sargon/photo_2022-04-07_10-06-22.jpg>
File: ./parts/media/TreasureHunt/33/sargon/photo_2022-04-07_10-06-34.jpg Graphi
c file (type bmp)
<./parts/media/TreasureHunt/33/sargon/photo_2022-04-07_10-06-34.jpg>
File: ./parts/media/TreasureHunt/33/sargon/photo_2022-04-07_10-06-40.jpg Graphi
c file (type bmp)
<./parts/media/TreasureHunt/33/sargon/photo_2022-04-07_10-06-40.jpg>
File: ./parts/media/TreasureHunt/33/sargon/photo_2022-04-07_10-06-37.jpg Graphi
c file (type bmp)
<./parts/media/TreasureHunt/33/sargon/photo_2022-04-07_10-06-37.jpg>

Underfull \hbox (badness 10000) in paragraph at lines 173--177

 []

[35] [36]
File: ./parts/media/TreasureHunt/34/decoder/photo_2022-04-07_10-02-34.jpg Graph
ic file (type bmp)
<./parts/media/TreasureHunt/34/decoder/photo_2022-04-07_10-02-34.jpg>
File: ./parts/media/TreasureHunt/34/decoder/photo_2022-04-07_10-02-43.jpg Graph
ic file (type bmp)
<./parts/media/TreasureHunt/34/decoder/photo_2022-04-07_10-02-43.jpg>
File: ./parts/media/TreasureHunt/34/decoder/photo_2022-04-07_10-02-46.jpg Graph
ic file (type bmp)
<./parts/media/TreasureHunt/34/decoder/photo_2022-04-07_10-02-46.jpg>
File: ./parts/media/TreasureHunt/34/decoder/photo_2022-04-07_10-02-50.jpg Graph
ic file (type bmp)
<./parts/media/TreasureHunt/34/decoder/photo_2022-04-07_10-02-50.jpg>

Underfull \hbox (badness 10000) in paragraph at lines 182--186

 []

[37] [38]
File: ./parts/media/TreasureHunt/35/sargon/photo_2022-04-07_10-08-33.jpg Graphi
c file (type bmp)
<./parts/media/TreasureHunt/35/sargon/photo_2022-04-07_10-08-33.jpg>
File: ./parts/media/TreasureHunt/35/sargon/photo_2022-04-07_10-08-48.jpg Graphi
c file (type bmp)
<./parts/media/TreasureHunt/35/sargon/photo_2022-04-07_10-08-48.jpg>
File: ./parts/media/TreasureHunt/35/sargon/photo_2022-04-07_10-08-45.jpg Graphi
c file (type bmp)
<./parts/media/TreasureHunt/35/sargon/photo_2022-04-07_10-08-45.jpg>
File: ./parts/media/TreasureHunt/35/sargon/photo_2022-04-07_10-08-41.jpg Graphi
c file (type bmp)
<./parts/media/TreasureHunt/35/sargon/photo_2022-04-07_10-08-41.jpg>

Underfull \hbox (badness 10000) in paragraph at lines 191--195

 []

[39] [40]
File: ./parts/media/TreasureHunt/36/sargon/photo_2022-04-07_13-16-23.jpg Graphi
c file (type bmp)
<./parts/media/TreasureHunt/36/sargon/photo_2022-04-07_13-16-23.jpg>
File: ./parts/media/TreasureHunt/36/sargon/photo_2022-04-07_13-16-46.jpg Graphi
c file (type bmp)
<./parts/media/TreasureHunt/36/sargon/photo_2022-04-07_13-16-46.jpg>
File: ./parts/media/TreasureHunt/36/sargon/photo_2022-04-07_13-16-43.jpg Graphi
c file (type bmp)
<./parts/media/TreasureHunt/36/sargon/photo_2022-04-07_13-16-43.jpg>
File: ./parts/media/TreasureHunt/36/sargon/photo_2022-04-07_13-16-40.jpg Graphi
c file (type bmp)
<./parts/media/TreasureHunt/36/sargon/photo_2022-04-07_13-16-40.jpg>

Underfull \hbox (badness 10000) in paragraph at lines 200--204

 []

[41] [42]
File: ./parts/media/TreasureHunt/37/decoder/photo_2022-04-14_12-36-24.jpg Graph
ic file (type bmp)
<./parts/media/TreasureHunt/37/decoder/photo_2022-04-14_12-36-24.jpg>
File: ./parts/media/TreasureHunt/37/decoder/photo_2022-04-14_12-36-38.jpg Graph
ic file (type bmp)
<./parts/media/TreasureHunt/37/decoder/photo_2022-04-14_12-36-38.jpg>
File: ./parts/media/TreasureHunt/37/decoder/photo_2022-04-14_12-36-42.jpg Graph
ic file (type bmp)
<./parts/media/TreasureHunt/37/decoder/photo_2022-04-14_12-36-42.jpg>
File: ./parts/media/TreasureHunt/37/decoder/photo_2022-04-14_12-36-46.jpg Graph
ic file (type bmp)
<./parts/media/TreasureHunt/37/decoder/photo_2022-04-14_12-36-46.jpg>

Underfull \hbox (badness 10000) in paragraph at lines 209--213

 []

[43] [44]
File: ./parts/media/TreasureHunt/38/Preyton/38.1.jpg Graphic file (type bmp)
<./parts/media/TreasureHunt/38/Preyton/38.1.jpg>
File: ./parts/media/TreasureHunt/38/Preyton/38_1.jpg Graphic file (type bmp)
<./parts/media/TreasureHunt/38/Preyton/38_1.jpg>
File: ./parts/media/TreasureHunt/38/Preyton/38.2.jpg Graphic file (type bmp)
<./parts/media/TreasureHunt/38/Preyton/38.2.jpg>
File: ./parts/media/TreasureHunt/38/Preyton/38_2.jpg Graphic file (type bmp)
<./parts/media/TreasureHunt/38/Preyton/38_2.jpg>

Underfull \hbox (badness 10000) in paragraph at lines 218--222

 []

[45] [46]
File: ./parts/media/TreasureHunt/39/sargon/photo_2022-04-07_13-18-09.jpg Graphi
c file (type bmp)
<./parts/media/TreasureHunt/39/sargon/photo_2022-04-07_13-18-09.jpg>
File: ./parts/media/TreasureHunt/39/sargon/photo_2022-04-07_13-18-21.jpg Graphi
c file (type bmp)
<./parts/media/TreasureHunt/39/sargon/photo_2022-04-07_13-18-21.jpg>
File: ./parts/media/TreasureHunt/39/sargon/photo_2022-04-07_13-18-26.jpg Graphi
c file (type bmp)
<./parts/media/TreasureHunt/39/sargon/photo_2022-04-07_13-18-26.jpg>
File: ./parts/media/TreasureHunt/39/sargon/photo_2022-04-07_13-18-31.jpg Graphi
c file (type bmp)
<./parts/media/TreasureHunt/39/sargon/photo_2022-04-07_13-18-31.jpg>

Underfull \hbox (badness 10000) in paragraph at lines 227--231

 []

[47] [48]
File: ./parts/media/TreasureHunt/40/decoder/photo_2022-04-07_13-15-51.jpg Graph
ic file (type bmp)
<./parts/media/TreasureHunt/40/decoder/photo_2022-04-07_13-15-51.jpg>
File: ./parts/media/TreasureHunt/40/decoder/photo_2022-04-07_13-16-08.jpg Graph
ic file (type bmp)
<./parts/media/TreasureHunt/40/decoder/photo_2022-04-07_13-16-08.jpg>
File: ./parts/media/TreasureHunt/40/decoder/photo_2022-04-07_13-16-12.jpg Graph
ic file (type bmp)
<./parts/media/TreasureHunt/40/decoder/photo_2022-04-07_13-16-12.jpg>
File: ./parts/media/TreasureHunt/40/decoder/photo_2022-04-07_13-16-15.jpg Graph
ic file (type bmp)
<./parts/media/TreasureHunt/40/decoder/photo_2022-04-07_13-16-15.jpg>
) (./parts/Сокровища.tex
Underfull \hbox (badness 10000) in paragraph at lines 236--1

 []

[49]
Underfull \hbox (badness 1371) in paragraph at lines 6--13
\TU/TimesNewRoman(0)/m/n/14.4 Их вы откроете (постепенно), когда перейдёте в но
вую эпоху. Главное
 []


Underfull \hbox (badness 6220) in paragraph at lines 14--18
[]\TU/TimesNewRoman(0)/m/n/14.4 Когда вы накопите достаточно ресурсов, ждите на
чала новых
 []


Underfull \hbox (badness 1661) in paragraph at lines 21--24
\TU/TimesNewRoman(0)/m/n/14.4 последние 5 битв придётся проходить переговорами.
 Но они довольно
 []

[50]
Underfull \hbox (badness 1721) in paragraph at lines 52--53
[]\TU/TimesNewRoman(0)/m/n/14.4 В конце Греции на малых и средних объектах куль
туры можно
 []

[51]
Underfull \hbox (badness 10000) in paragraph at lines 68--73
[]\TU/TimesNewRoman(0)/m/n/14.4 Начальные переговоры на 3 товара удобнее всего 
проходить
 []


Underfull \hbox (badness 5592) in paragraph at lines 68--73
\TU/TimesNewRoman(0)/m/n/14.4 следующим образом. На первом этапе всем предлагае
м монеты. На
 []


Underfull \hbox (badness 2608) in paragraph at lines 86--93
[]\TU/TimesNewRoman(0)/m/n/14.4 На третьем этапе некоторые пираты уже приняли т
овар, а для
 []


Underfull \hbox (badness 1412) in paragraph at lines 94--95
\OT1/cmr/m/n/14.4 0$\TU/TimesNewRoman(0)/m/n/14.4 ). Предлагаем и засчитываем т
овару частоту принятия $\OML/cmm/m/it/14.4 ^^W[] \OT1/cmr/m/n/14.4 = 1$\TU/Time
sNewRoman(0)/m/n/14.4 . Для
 []

[52]
Underfull \hbox (badness 1552) in paragraph at lines 96--101
[]\TU/TimesNewRoman(0)/m/n/14.4 Обязательно следите за тем, что говорят вам пир
аты о товарах,
 []


Underfull \hbox (badness 3439) in paragraph at lines 96--101
\TU/TimesNewRoman(0)/m/n/14.4 которые нужны другим пиратам. Не обращайте вниман
ия на то, что
 []


Underfull \hbox (badness 3601) in paragraph at lines 102--106
\TU/TimesNewRoman(0)/m/n/14.4 переговоры без колб, но не спешите их отдавать. П
ервые два этапа
 []


Underfull \hbox (badness 3612) in paragraph at lines 114--115
[]\TU/TimesNewRoman(0)/m/n/14.4 Уже в 9-ом сундуке с 35%-ной вероятностью лежат
 2 жетона
 []

) (./parts/Ивенты.tex [53]
Underfull \hbox (badness 1389) in paragraph at lines 30--34
[]\TU/TimesNewRoman(0)/m/n/14.4 Всего в ивенте 14 разных зданий и 21 день на вы
полнение. За
 []


Underfull \hbox (badness 6910) in paragraph at lines 35--41
[]\TU/TimesNewRoman(0)/m/n/14.4 Проходить имеет смысл следующим образом. В перв
ый день
 []


Underfull \hbox (badness 10000) in paragraph at lines 35--41
\TU/TimesNewRoman(0)/m/n/14.4 выложиться по полной, чтобы накопить побольше очк
ов. Нужно
 []


Underfull \hbox (badness 3536) in paragraph at lines 35--41
\TU/TimesNewRoman(0)/m/n/14.4 внимательно смотреть, что выпадает в качестве при
за дня. Если это
 []

[54]) (./parts/Прочее.tex
Underfull \hbox (badness 10000) in paragraph at lines 42--1
[]\TU/TimesNewRoman(0)/m/n/14.4 НО! Жетоны улучшения эпохи особых зданий нужно 
брать
 []


Underfull \hbox (badness 10000) in paragraph at lines 24--27
[]\TU/TimesNewRoman(0)/m/n/14.4 Никогда не производите товары прошлый эпох. Пи 
любой
 []


Underfull \hbox (badness 1371) in paragraph at lines 24--27
\TU/TimesNewRoman(0)/m/n/14.4 возможности скупайте товары следующей для себя эп
охи у товарищей
 []

[55]) (./parts/Переход между эпохами.tex [56] [57] [58]
Underfull \hbox (badness 3323) in paragraph at lines 167--174
\TU/TimesNewRoman(0)/m/n/14.4 максимально культурно прокачанные мастерские эффе
ктивно работают
 []

[59]
Underfull \hbox (badness 1292) in paragraph at lines 191--198
\TU/TimesNewRoman(0)/m/n/14.4 вкладов в Чудеса равным 0,185, то это 64 дня. Есл
и считать, что три
 []


Underfull \hbox (badness 3323) in paragraph at lines 191--198
\TU/TimesNewRoman(0)/m/n/14.4 максимально культурно прокачанные мастерские эффе
ктивно работают
 []

[60] [61] [62] [63] [64] [65]
Underfull \hbox (badness 3323) in paragraph at lines 496--503
\TU/TimesNewRoman(0)/m/n/14.4 максимально культурно прокачанные мастерские эффе
ктивно работают
 []

[66]) [67] (./RoC Ascension.aux)
Package rerunfilecheck Info: File `"RoC Ascension".out' has not changed.
(rerunfilecheck)             Checksum: <no file>.
 ) 
Here is how much of TeX's memory you used:
 18301 strings out of 476180
 376974 string characters out of 5815297
 873974 words of memory out of 5000000
 38612 multiletter control sequences out of 15000+600000
 472758 words of font info for 79 fonts, out of 8000000 for 9000
 1348 hyphenation exceptions out of 8191
 118i,11n,119p,570b,463s stack positions out of 5000i,500n,10000p,200000b,80000s

Output written on RoC Ascension.pdf (67 pages).
